[2025-11-04T02:01:00.148+0000] {taskinstance.py:1157} INFO - Dependencies all met for dep_context=non-requeueable deps ti=<TaskInstance: ani_regulations_pipeline.write manual__2025-11-04T02:00:33.420105+00:00 [queued]>
[2025-11-04T02:01:00.154+0000] {taskinstance.py:1157} INFO - Dependencies all met for dep_context=requeueable deps ti=<TaskInstance: ani_regulations_pipeline.write manual__2025-11-04T02:00:33.420105+00:00 [queued]>
[2025-11-04T02:01:00.154+0000] {taskinstance.py:1359} INFO - Starting attempt 1 of 2
[2025-11-04T02:01:00.163+0000] {taskinstance.py:1380} INFO - Executing <Task(PythonOperator): write> on 2025-11-04 02:00:33.420105+00:00
[2025-11-04T02:01:00.169+0000] {standard_task_runner.py:57} INFO - Started process 213 to run task
[2025-11-04T02:01:00.172+0000] {standard_task_runner.py:84} INFO - Running: ['***', 'tasks', 'run', 'ani_regulations_pipeline', 'write', 'manual__2025-11-04T02:00:33.420105+00:00', '--job-id', '4', '--raw', '--subdir', 'DAGS_FOLDER/ani_regulations_dag.py', '--cfg-path', '/tmp/tmphvr6q363']
[2025-11-04T02:01:00.173+0000] {standard_task_runner.py:85} INFO - Job 4: Subtask write
[2025-11-04T02:01:00.185+0000] {logging_mixin.py:151} WARNING - /home/***/.local/lib/python3.9/site-packages/***/settings.py:195 DeprecationWarning: The sql_alchemy_conn option in [core] has been moved to the sql_alchemy_conn option in [database] - the old setting has been used, but please update your config.
[2025-11-04T02:01:00.210+0000] {task_command.py:415} INFO - Running <TaskInstance: ani_regulations_pipeline.write manual__2025-11-04T02:00:33.420105+00:00 [running]> on host 7d06c4224859
[2025-11-04T02:01:00.260+0000] {taskinstance.py:1660} INFO - Exporting env vars: AIRFLOW_CTX_DAG_OWNER='data-engineering' AIRFLOW_CTX_DAG_ID='ani_regulations_pipeline' AIRFLOW_CTX_TASK_ID='write' AIRFLOW_CTX_EXECUTION_DATE='2025-11-04T02:00:33.420105+00:00' AIRFLOW_CTX_TRY_NUMBER='1' AIRFLOW_CTX_DAG_RUN_ID='manual__2025-11-04T02:00:33.420105+00:00'
[2025-11-04T02:01:00.276+0000] {logging_mixin.py:151} INFO - ERROR CRÍTICO: Error processing entity Agencia Nacional de Infraestructura: relation "regulations" does not exist
LINE 3:             FROM regulations
                         ^
[2025-11-04T02:01:00.276+0000] {logging_mixin.py:151} INFO - Traceback (most recent call last):
  File "/opt/***/src/escritura.py", line 143, in insert_new_records
    existing_records = db_manager.execute_query(query, (entity,))
  File "/opt/***/src/escritura.py", line 82, in execute_query
    self.cursor.execute(query, params)
psycopg2.errors.UndefinedTable: relation "regulations" does not exist
LINE 3:             FROM regulations
                         ^
[2025-11-04T02:01:00.285+0000] {python.py:194} INFO - Done. Returned value was: {'inserted': 0, 'message': 'Error processing entity Agencia Nacional de Infraestructura: relation "regulations" does not exist\nLINE 3:             FROM regulations\n                         ^\n'}
[2025-11-04T02:01:00.299+0000] {taskinstance.py:1398} INFO - Marking task as SUCCESS. dag_id=ani_regulations_pipeline, task_id=write, execution_date=20251104T020033, start_date=20251104T020100, end_date=20251104T020100
[2025-11-04T02:01:00.343+0000] {local_task_job_runner.py:228} INFO - Task exited with return code 0
[2025-11-04T02:01:00.357+0000] {taskinstance.py:2776} INFO - 0 downstream tasks scheduled from follow-on schedule check
