[2025-11-04T01:58:51.299+0000] {manager.py:487} INFO - Processing files using up to 2 processes at a time 
[2025-11-04T01:58:51.299+0000] {manager.py:488} INFO - Process each file at most once every 30 seconds
[2025-11-04T01:58:51.299+0000] {manager.py:489} INFO - Checking for new files in /opt/airflow/dags every 300 seconds
[2025-11-04T01:58:51.299+0000] {manager.py:759} INFO - Searching for files in /opt/airflow/dags
[2025-11-04T01:58:51.300+0000] {manager.py:762} INFO - There are 1 files in /opt/airflow/dags
[2025-11-04T01:58:51.369+0000] {manager.py:893} INFO - 
================================================================================
DAG File Processing Stats

File Path                                   PID  Runtime      # DAGs    # Errors  Last Runtime    Last Run
----------------------------------------  -----  ---------  --------  ----------  --------------  ----------
/opt/airflow/dags/ani_regulations_dag.py    175  0.03s             0           0
================================================================================
[2025-11-04T01:59:21.472+0000] {manager.py:893} INFO - 
================================================================================
DAG File Processing Stats

File Path                                 PID    Runtime      # DAGs    # Errors  Last Runtime    Last Run
----------------------------------------  -----  ---------  --------  ----------  --------------  -------------------
/opt/airflow/dags/ani_regulations_dag.py                           1           0  1.22s           2025-11-04T01:58:52
================================================================================
[2025-11-04T01:59:51.747+0000] {manager.py:893} INFO - 
================================================================================
DAG File Processing Stats

File Path                                 PID    Runtime      # DAGs    # Errors  Last Runtime    Last Run
----------------------------------------  -----  ---------  --------  ----------  --------------  -------------------
/opt/airflow/dags/ani_regulations_dag.py                           1           0  0.41s           2025-11-04T01:59:23
================================================================================
[2025-11-04T02:00:22.253+0000] {manager.py:893} INFO - 
================================================================================
DAG File Processing Stats

File Path                                 PID    Runtime      # DAGs    # Errors  Last Runtime    Last Run
----------------------------------------  -----  ---------  --------  ----------  --------------  -------------------
/opt/airflow/dags/ani_regulations_dag.py                           1           0  0.43s           2025-11-04T01:59:53
================================================================================
[2025-11-04T02:00:52.779+0000] {manager.py:893} INFO - 
================================================================================
DAG File Processing Stats

File Path                                 PID    Runtime      # DAGs    # Errors  Last Runtime    Last Run
----------------------------------------  -----  ---------  --------  ----------  --------------  -------------------
/opt/airflow/dags/ani_regulations_dag.py                           1           0  0.43s           2025-11-04T02:00:24
================================================================================
[2025-11-04T02:01:23.298+0000] {manager.py:893} INFO - 
================================================================================
DAG File Processing Stats

File Path                                 PID    Runtime      # DAGs    # Errors  Last Runtime    Last Run
----------------------------------------  -----  ---------  --------  ----------  --------------  -------------------
/opt/airflow/dags/ani_regulations_dag.py                           1           0  0.42s           2025-11-04T02:00:54
================================================================================
[2025-11-04T02:01:53.808+0000] {manager.py:893} INFO - 
================================================================================
DAG File Processing Stats

File Path                                 PID    Runtime      # DAGs    # Errors  Last Runtime    Last Run
----------------------------------------  -----  ---------  --------  ----------  --------------  -------------------
/opt/airflow/dags/ani_regulations_dag.py                           1           0  0.49s           2025-11-04T02:01:25
================================================================================
[2025-11-04T02:02:23.820+0000] {manager.py:893} INFO - 
================================================================================
DAG File Processing Stats

File Path                                 PID    Runtime      # DAGs    # Errors  Last Runtime    Last Run
----------------------------------------  -----  ---------  --------  ----------  --------------  -------------------
/opt/airflow/dags/ani_regulations_dag.py                           1           0  0.34s           2025-11-04T02:01:55
================================================================================
[2025-11-04T02:02:53.922+0000] {manager.py:893} INFO - 
================================================================================
DAG File Processing Stats

File Path                                 PID    Runtime      # DAGs    # Errors  Last Runtime    Last Run
----------------------------------------  -----  ---------  --------  ----------  --------------  -------------------
/opt/airflow/dags/ani_regulations_dag.py                           1           0  0.34s           2025-11-04T02:02:26
================================================================================
[2025-11-04T02:03:24.352+0000] {manager.py:893} INFO - 
================================================================================
DAG File Processing Stats

File Path                                 PID    Runtime      # DAGs    # Errors  Last Runtime    Last Run
----------------------------------------  -----  ---------  --------  ----------  --------------  -------------------
/opt/airflow/dags/ani_regulations_dag.py                           1           0  0.36s           2025-11-04T02:02:56
================================================================================
[2025-11-04T02:03:51.798+0000] {manager.py:759} INFO - Searching for files in /opt/airflow/dags
[2025-11-04T02:03:51.799+0000] {manager.py:762} INFO - There are 1 files in /opt/airflow/dags
[2025-11-04T02:03:54.813+0000] {manager.py:893} INFO - 
================================================================================
DAG File Processing Stats

File Path                                 PID    Runtime      # DAGs    # Errors  Last Runtime    Last Run
----------------------------------------  -----  ---------  --------  ----------  --------------  -------------------
/opt/airflow/dags/ani_regulations_dag.py                           1           0  0.37s           2025-11-04T02:03:27
================================================================================
[2025-11-04T02:04:25.277+0000] {manager.py:893} INFO - 
================================================================================
DAG File Processing Stats

File Path                                 PID    Runtime      # DAGs    # Errors  Last Runtime    Last Run
----------------------------------------  -----  ---------  --------  ----------  --------------  -------------------
/opt/airflow/dags/ani_regulations_dag.py                           1           0  0.35s           2025-11-04T02:03:57
================================================================================
[2025-11-04T02:04:55.716+0000] {manager.py:893} INFO - 
================================================================================
DAG File Processing Stats

File Path                                 PID    Runtime      # DAGs    # Errors  Last Runtime    Last Run
----------------------------------------  -----  ---------  --------  ----------  --------------  -------------------
/opt/airflow/dags/ani_regulations_dag.py                           1           0  0.34s           2025-11-04T02:04:27
================================================================================
[2025-11-04T02:05:26.149+0000] {manager.py:893} INFO - 
================================================================================
DAG File Processing Stats

File Path                                 PID    Runtime      # DAGs    # Errors  Last Runtime    Last Run
----------------------------------------  -----  ---------  --------  ----------  --------------  -------------------
/opt/airflow/dags/ani_regulations_dag.py                           1           0  0.36s           2025-11-04T02:04:58
================================================================================
[2025-11-04T02:05:56.601+0000] {manager.py:893} INFO - 
================================================================================
DAG File Processing Stats

File Path                                 PID    Runtime      # DAGs    # Errors  Last Runtime    Last Run
----------------------------------------  -----  ---------  --------  ----------  --------------  -------------------
/opt/airflow/dags/ani_regulations_dag.py                           1           0  0.38s           2025-11-04T02:05:28
================================================================================
[2025-11-04T02:06:27.081+0000] {manager.py:893} INFO - 
================================================================================
DAG File Processing Stats

File Path                                 PID    Runtime      # DAGs    # Errors  Last Runtime    Last Run
----------------------------------------  -----  ---------  --------  ----------  --------------  -------------------
/opt/airflow/dags/ani_regulations_dag.py                           1           0  0.37s           2025-11-04T02:05:59
================================================================================
[2025-11-04T02:06:57.549+0000] {manager.py:893} INFO - 
================================================================================
DAG File Processing Stats

File Path                                 PID    Runtime      # DAGs    # Errors  Last Runtime    Last Run
----------------------------------------  -----  ---------  --------  ----------  --------------  -------------------
/opt/airflow/dags/ani_regulations_dag.py                           1           0  0.34s           2025-11-04T02:06:29
================================================================================
[2025-11-04T02:07:27.982+0000] {manager.py:893} INFO - 
================================================================================
DAG File Processing Stats

File Path                                 PID    Runtime      # DAGs    # Errors  Last Runtime    Last Run
----------------------------------------  -----  ---------  --------  ----------  --------------  -------------------
/opt/airflow/dags/ani_regulations_dag.py                           1           0  0.34s           2025-11-04T02:07:00
================================================================================
[2025-11-04T02:07:58.408+0000] {manager.py:893} INFO - 
================================================================================
DAG File Processing Stats

File Path                                 PID    Runtime      # DAGs    # Errors  Last Runtime    Last Run
----------------------------------------  -----  ---------  --------  ----------  --------------  -------------------
/opt/airflow/dags/ani_regulations_dag.py                           1           0  0.35s           2025-11-04T02:07:30
================================================================================
[2025-11-04T02:08:28.867+0000] {manager.py:893} INFO - 
================================================================================
DAG File Processing Stats

File Path                                 PID    Runtime      # DAGs    # Errors  Last Runtime    Last Run
----------------------------------------  -----  ---------  --------  ----------  --------------  -------------------
/opt/airflow/dags/ani_regulations_dag.py                           1           0  0.38s           2025-11-04T02:08:01
================================================================================
[2025-11-04T02:08:52.313+0000] {manager.py:759} INFO - Searching for files in /opt/airflow/dags
[2025-11-04T02:08:52.314+0000] {manager.py:762} INFO - There are 1 files in /opt/airflow/dags
[2025-11-04T02:08:59.344+0000] {manager.py:893} INFO - 
================================================================================
DAG File Processing Stats

File Path                                 PID    Runtime      # DAGs    # Errors  Last Runtime    Last Run
----------------------------------------  -----  ---------  --------  ----------  --------------  -------------------
/opt/airflow/dags/ani_regulations_dag.py                           1           0  0.33s           2025-11-04T02:08:31
================================================================================
[2025-11-04T02:09:29.769+0000] {manager.py:893} INFO - 
================================================================================
DAG File Processing Stats

File Path                                 PID    Runtime      # DAGs    # Errors  Last Runtime    Last Run
----------------------------------------  -----  ---------  --------  ----------  --------------  -------------------
/opt/airflow/dags/ani_regulations_dag.py                           1           0  0.34s           2025-11-04T02:09:02
================================================================================
[2025-11-04T02:10:00.211+0000] {manager.py:893} INFO - 
================================================================================
DAG File Processing Stats

File Path                                 PID    Runtime      # DAGs    # Errors  Last Runtime    Last Run
----------------------------------------  -----  ---------  --------  ----------  --------------  -------------------
/opt/airflow/dags/ani_regulations_dag.py                           1           0  0.34s           2025-11-04T02:09:32
================================================================================
[2025-11-04T02:10:30.652+0000] {manager.py:893} INFO - 
================================================================================
DAG File Processing Stats

File Path                                 PID    Runtime      # DAGs    # Errors  Last Runtime    Last Run
----------------------------------------  -----  ---------  --------  ----------  --------------  -------------------
/opt/airflow/dags/ani_regulations_dag.py                           1           0  0.34s           2025-11-04T02:10:02
================================================================================
[2025-11-04T02:11:01.092+0000] {manager.py:893} INFO - 
================================================================================
DAG File Processing Stats

File Path                                 PID    Runtime      # DAGs    # Errors  Last Runtime    Last Run
----------------------------------------  -----  ---------  --------  ----------  --------------  -------------------
/opt/airflow/dags/ani_regulations_dag.py                           1           0  0.34s           2025-11-04T02:10:33
================================================================================
[2025-11-04T02:11:31.528+0000] {manager.py:893} INFO - 
================================================================================
DAG File Processing Stats

File Path                                 PID    Runtime      # DAGs    # Errors  Last Runtime    Last Run
----------------------------------------  -----  ---------  --------  ----------  --------------  -------------------
/opt/airflow/dags/ani_regulations_dag.py                           1           0  0.37s           2025-11-04T02:11:03
================================================================================
[2025-11-04T02:12:01.995+0000] {manager.py:893} INFO - 
================================================================================
DAG File Processing Stats

File Path                                 PID    Runtime      # DAGs    # Errors  Last Runtime    Last Run
----------------------------------------  -----  ---------  --------  ----------  --------------  -------------------
/opt/airflow/dags/ani_regulations_dag.py                           1           0  0.33s           2025-11-04T02:11:34
================================================================================
[2025-11-04T02:12:32.424+0000] {manager.py:893} INFO - 
================================================================================
DAG File Processing Stats

File Path                                 PID    Runtime      # DAGs    # Errors  Last Runtime    Last Run
----------------------------------------  -----  ---------  --------  ----------  --------------  -------------------
/opt/airflow/dags/ani_regulations_dag.py                           1           0  0.33s           2025-11-04T02:12:04
================================================================================
[2025-11-04T02:13:02.860+0000] {manager.py:893} INFO - 
================================================================================
DAG File Processing Stats

File Path                                 PID    Runtime      # DAGs    # Errors  Last Runtime    Last Run
----------------------------------------  -----  ---------  --------  ----------  --------------  -------------------
/opt/airflow/dags/ani_regulations_dag.py                           1           0  0.33s           2025-11-04T02:12:35
================================================================================
[2025-11-04T02:13:33.276+0000] {manager.py:893} INFO - 
================================================================================
DAG File Processing Stats

File Path                                 PID    Runtime      # DAGs    # Errors  Last Runtime    Last Run
----------------------------------------  -----  ---------  --------  ----------  --------------  -------------------
/opt/airflow/dags/ani_regulations_dag.py                           1           0  0.34s           2025-11-04T02:13:05
================================================================================
[2025-11-04T02:13:52.677+0000] {manager.py:759} INFO - Searching for files in /opt/airflow/dags
[2025-11-04T02:13:52.678+0000] {manager.py:762} INFO - There are 1 files in /opt/airflow/dags
[2025-11-04T02:14:03.718+0000] {manager.py:893} INFO - 
================================================================================
DAG File Processing Stats

File Path                                 PID    Runtime      # DAGs    # Errors  Last Runtime    Last Run
----------------------------------------  -----  ---------  --------  ----------  --------------  -------------------
/opt/airflow/dags/ani_regulations_dag.py                           1           0  0.36s           2025-11-04T02:13:35
================================================================================
[2025-11-04T02:14:34.166+0000] {manager.py:893} INFO - 
================================================================================
DAG File Processing Stats

File Path                                 PID    Runtime      # DAGs    # Errors  Last Runtime    Last Run
----------------------------------------  -----  ---------  --------  ----------  --------------  -------------------
/opt/airflow/dags/ani_regulations_dag.py                           1           0  0.35s           2025-11-04T02:14:06
================================================================================
[2025-11-04T02:15:04.622+0000] {manager.py:893} INFO - 
================================================================================
DAG File Processing Stats

File Path                                 PID    Runtime      # DAGs    # Errors  Last Runtime    Last Run
----------------------------------------  -----  ---------  --------  ----------  --------------  -------------------
/opt/airflow/dags/ani_regulations_dag.py                           1           0  0.34s           2025-11-04T02:14:36
================================================================================
[2025-11-04T02:15:35.046+0000] {manager.py:893} INFO - 
================================================================================
DAG File Processing Stats

File Path                                 PID    Runtime      # DAGs    # Errors  Last Runtime    Last Run
----------------------------------------  -----  ---------  --------  ----------  --------------  -------------------
/opt/airflow/dags/ani_regulations_dag.py                           1           0  0.34s           2025-11-04T02:15:07
================================================================================
[2025-11-04T02:16:05.473+0000] {manager.py:893} INFO - 
================================================================================
DAG File Processing Stats

File Path                                 PID    Runtime      # DAGs    # Errors  Last Runtime    Last Run
----------------------------------------  -----  ---------  --------  ----------  --------------  -------------------
/opt/airflow/dags/ani_regulations_dag.py                           1           0  0.33s           2025-11-04T02:15:37
================================================================================
[2025-11-04T02:16:35.902+0000] {manager.py:893} INFO - 
================================================================================
DAG File Processing Stats

File Path                                 PID    Runtime      # DAGs    # Errors  Last Runtime    Last Run
----------------------------------------  -----  ---------  --------  ----------  --------------  -------------------
/opt/airflow/dags/ani_regulations_dag.py                           1           0  0.33s           2025-11-04T02:16:08
================================================================================
[2025-11-04T02:17:06.324+0000] {manager.py:893} INFO - 
================================================================================
DAG File Processing Stats

File Path                                 PID    Runtime      # DAGs    # Errors  Last Runtime    Last Run
----------------------------------------  -----  ---------  --------  ----------  --------------  -------------------
/opt/airflow/dags/ani_regulations_dag.py                           1           0  0.34s           2025-11-04T02:16:38
================================================================================
[2025-11-04T02:17:36.755+0000] {manager.py:893} INFO - 
================================================================================
DAG File Processing Stats

File Path                                 PID    Runtime      # DAGs    # Errors  Last Runtime    Last Run
----------------------------------------  -----  ---------  --------  ----------  --------------  -------------------
/opt/airflow/dags/ani_regulations_dag.py                           1           0  0.33s           2025-11-04T02:17:08
================================================================================
[2025-11-04T02:18:07.170+0000] {manager.py:893} INFO - 
================================================================================
DAG File Processing Stats

File Path                                 PID    Runtime      # DAGs    # Errors  Last Runtime    Last Run
----------------------------------------  -----  ---------  --------  ----------  --------------  -------------------
/opt/airflow/dags/ani_regulations_dag.py                           1           0  0.34s           2025-11-04T02:17:39
================================================================================
[2025-11-04T02:18:37.603+0000] {manager.py:893} INFO - 
================================================================================
DAG File Processing Stats

File Path                                 PID    Runtime      # DAGs    # Errors  Last Runtime    Last Run
----------------------------------------  -----  ---------  --------  ----------  --------------  -------------------
/opt/airflow/dags/ani_regulations_dag.py                           1           0  0.36s           2025-11-04T02:18:09
================================================================================
[2025-11-04T02:18:53.012+0000] {manager.py:759} INFO - Searching for files in /opt/airflow/dags
[2025-11-04T02:18:53.013+0000] {manager.py:762} INFO - There are 1 files in /opt/airflow/dags
[2025-11-04T02:19:08.062+0000] {manager.py:893} INFO - 
================================================================================
DAG File Processing Stats

File Path                                 PID    Runtime      # DAGs    # Errors  Last Runtime    Last Run
----------------------------------------  -----  ---------  --------  ----------  --------------  -------------------
/opt/airflow/dags/ani_regulations_dag.py                           1           0  0.34s           2025-11-04T02:18:40
================================================================================
[2025-11-04T02:19:38.492+0000] {manager.py:893} INFO - 
================================================================================
DAG File Processing Stats

File Path                                 PID    Runtime      # DAGs    # Errors  Last Runtime    Last Run
----------------------------------------  -----  ---------  --------  ----------  --------------  -------------------
/opt/airflow/dags/ani_regulations_dag.py                           1           0  0.34s           2025-11-04T02:19:10
================================================================================
[2025-11-04T02:20:08.927+0000] {manager.py:893} INFO - 
================================================================================
DAG File Processing Stats

File Path                                 PID    Runtime      # DAGs    # Errors  Last Runtime    Last Run
----------------------------------------  -----  ---------  --------  ----------  --------------  -------------------
/opt/airflow/dags/ani_regulations_dag.py                           1           0  0.39s           2025-11-04T02:19:41
================================================================================
[2025-11-04T02:20:39.411+0000] {manager.py:893} INFO - 
================================================================================
DAG File Processing Stats

File Path                                 PID    Runtime      # DAGs    # Errors  Last Runtime    Last Run
----------------------------------------  -----  ---------  --------  ----------  --------------  -------------------
/opt/airflow/dags/ani_regulations_dag.py                           1           0  0.38s           2025-11-04T02:20:11
================================================================================
[2025-11-04T02:21:09.885+0000] {manager.py:893} INFO - 
================================================================================
DAG File Processing Stats

File Path                                 PID    Runtime      # DAGs    # Errors  Last Runtime    Last Run
----------------------------------------  -----  ---------  --------  ----------  --------------  -------------------
/opt/airflow/dags/ani_regulations_dag.py                           1           0  0.35s           2025-11-04T02:20:42
================================================================================
[2025-11-04T02:21:40.324+0000] {manager.py:893} INFO - 
================================================================================
DAG File Processing Stats

File Path                                 PID    Runtime      # DAGs    # Errors  Last Runtime    Last Run
----------------------------------------  -----  ---------  --------  ----------  --------------  -------------------
/opt/airflow/dags/ani_regulations_dag.py                           1           0  0.34s           2025-11-04T02:21:12
================================================================================
[2025-11-04T02:22:10.753+0000] {manager.py:893} INFO - 
================================================================================
DAG File Processing Stats

File Path                                 PID    Runtime      # DAGs    # Errors  Last Runtime    Last Run
----------------------------------------  -----  ---------  --------  ----------  --------------  -------------------
/opt/airflow/dags/ani_regulations_dag.py                           1           0  0.35s           2025-11-04T02:21:43
================================================================================
[2025-11-04T02:22:41.203+0000] {manager.py:893} INFO - 
================================================================================
DAG File Processing Stats

File Path                                 PID    Runtime      # DAGs    # Errors  Last Runtime    Last Run
----------------------------------------  -----  ---------  --------  ----------  --------------  -------------------
/opt/airflow/dags/ani_regulations_dag.py                           1           0  0.38s           2025-11-04T02:22:13
================================================================================
[2025-11-04T02:23:11.682+0000] {manager.py:893} INFO - 
================================================================================
DAG File Processing Stats

File Path                                 PID    Runtime      # DAGs    # Errors  Last Runtime    Last Run
----------------------------------------  -----  ---------  --------  ----------  --------------  -------------------
/opt/airflow/dags/ani_regulations_dag.py                           1           0  0.37s           2025-11-04T02:22:43
================================================================================
[2025-11-04T02:23:42.142+0000] {manager.py:893} INFO - 
================================================================================
DAG File Processing Stats

File Path                                 PID    Runtime      # DAGs    # Errors  Last Runtime    Last Run
----------------------------------------  -----  ---------  --------  ----------  --------------  -------------------
/opt/airflow/dags/ani_regulations_dag.py                           1           0  0.36s           2025-11-04T02:23:14
================================================================================
[2025-11-04T02:23:53.547+0000] {manager.py:759} INFO - Searching for files in /opt/airflow/dags
[2025-11-04T02:23:53.548+0000] {manager.py:762} INFO - There are 1 files in /opt/airflow/dags
[2025-11-04T02:24:12.622+0000] {manager.py:893} INFO - 
================================================================================
DAG File Processing Stats

File Path                                 PID    Runtime      # DAGs    # Errors  Last Runtime    Last Run
----------------------------------------  -----  ---------  --------  ----------  --------------  -------------------
/opt/airflow/dags/ani_regulations_dag.py                           1           0  0.33s           2025-11-04T02:23:44
================================================================================
[2025-11-04T02:24:43.043+0000] {manager.py:893} INFO - 
================================================================================
DAG File Processing Stats

File Path                                 PID    Runtime      # DAGs    # Errors  Last Runtime    Last Run
----------------------------------------  -----  ---------  --------  ----------  --------------  -------------------
/opt/airflow/dags/ani_regulations_dag.py                           1           0  0.33s           2025-11-04T02:24:15
================================================================================
[2025-11-04T02:25:13.468+0000] {manager.py:893} INFO - 
================================================================================
DAG File Processing Stats

File Path                                 PID    Runtime      # DAGs    # Errors  Last Runtime    Last Run
----------------------------------------  -----  ---------  --------  ----------  --------------  -------------------
/opt/airflow/dags/ani_regulations_dag.py                           1           0  0.34s           2025-11-04T02:24:45
================================================================================
[2025-11-04T02:25:43.921+0000] {manager.py:893} INFO - 
================================================================================
DAG File Processing Stats

File Path                                 PID    Runtime      # DAGs    # Errors  Last Runtime    Last Run
----------------------------------------  -----  ---------  --------  ----------  --------------  -------------------
/opt/airflow/dags/ani_regulations_dag.py                           1           0  0.34s           2025-11-04T02:25:16
================================================================================
[2025-11-04T02:26:14.349+0000] {manager.py:893} INFO - 
================================================================================
DAG File Processing Stats

File Path                                 PID    Runtime      # DAGs    # Errors  Last Runtime    Last Run
----------------------------------------  -----  ---------  --------  ----------  --------------  -------------------
/opt/airflow/dags/ani_regulations_dag.py                           1           0  0.33s           2025-11-04T02:25:46
================================================================================
[2025-11-04T02:26:44.769+0000] {manager.py:893} INFO - 
================================================================================
DAG File Processing Stats

File Path                                 PID    Runtime      # DAGs    # Errors  Last Runtime    Last Run
----------------------------------------  -----  ---------  --------  ----------  --------------  -------------------
/opt/airflow/dags/ani_regulations_dag.py                           1           0  0.33s           2025-11-04T02:26:17
================================================================================
[2025-11-04T02:27:15.203+0000] {manager.py:893} INFO - 
================================================================================
DAG File Processing Stats

File Path                                 PID    Runtime      # DAGs    # Errors  Last Runtime    Last Run
----------------------------------------  -----  ---------  --------  ----------  --------------  -------------------
/opt/airflow/dags/ani_regulations_dag.py                           1           0  0.34s           2025-11-04T02:26:47
================================================================================
[2025-11-04T02:27:45.642+0000] {manager.py:893} INFO - 
================================================================================
DAG File Processing Stats

File Path                                 PID    Runtime      # DAGs    # Errors  Last Runtime    Last Run
----------------------------------------  -----  ---------  --------  ----------  --------------  -------------------
/opt/airflow/dags/ani_regulations_dag.py                           1           0  0.32s           2025-11-04T02:27:17
================================================================================
[2025-11-04T02:28:16.066+0000] {manager.py:893} INFO - 
================================================================================
DAG File Processing Stats

File Path                                 PID    Runtime      # DAGs    # Errors  Last Runtime    Last Run
----------------------------------------  -----  ---------  --------  ----------  --------------  -------------------
/opt/airflow/dags/ani_regulations_dag.py                           1           0  0.33s           2025-11-04T02:27:48
================================================================================
[2025-11-04T02:28:46.492+0000] {manager.py:893} INFO - 
================================================================================
DAG File Processing Stats

File Path                                 PID    Runtime      # DAGs    # Errors  Last Runtime    Last Run
----------------------------------------  -----  ---------  --------  ----------  --------------  -------------------
/opt/airflow/dags/ani_regulations_dag.py                           1           0  0.31s           2025-11-04T02:28:18
================================================================================
[2025-11-04T02:28:53.825+0000] {manager.py:759} INFO - Searching for files in /opt/airflow/dags
[2025-11-04T02:28:53.826+0000] {manager.py:762} INFO - There are 1 files in /opt/airflow/dags
[2025-11-04T02:29:16.905+0000] {manager.py:893} INFO - 
================================================================================
DAG File Processing Stats

File Path                                 PID    Runtime      # DAGs    # Errors  Last Runtime    Last Run
----------------------------------------  -----  ---------  --------  ----------  --------------  -------------------
/opt/airflow/dags/ani_regulations_dag.py                           1           0  0.39s           2025-11-04T02:28:49
================================================================================
[2025-11-04T02:29:47.376+0000] {manager.py:893} INFO - 
================================================================================
DAG File Processing Stats

File Path                                 PID    Runtime      # DAGs    # Errors  Last Runtime    Last Run
----------------------------------------  -----  ---------  --------  ----------  --------------  -------------------
/opt/airflow/dags/ani_regulations_dag.py                           1           0  0.35s           2025-11-04T02:29:19
================================================================================
[2025-11-04T02:30:17.826+0000] {manager.py:893} INFO - 
================================================================================
DAG File Processing Stats

File Path                                 PID    Runtime      # DAGs    # Errors  Last Runtime    Last Run
----------------------------------------  -----  ---------  --------  ----------  --------------  -------------------
/opt/airflow/dags/ani_regulations_dag.py                           1           0  0.37s           2025-11-04T02:29:50
================================================================================
[2025-11-04T02:30:48.289+0000] {manager.py:893} INFO - 
================================================================================
DAG File Processing Stats

File Path                                 PID    Runtime      # DAGs    # Errors  Last Runtime    Last Run
----------------------------------------  -----  ---------  --------  ----------  --------------  -------------------
/opt/airflow/dags/ani_regulations_dag.py                           1           0  0.33s           2025-11-04T02:30:20
================================================================================
[2025-11-04T02:31:18.711+0000] {manager.py:893} INFO - 
================================================================================
DAG File Processing Stats

File Path                                 PID    Runtime      # DAGs    # Errors  Last Runtime    Last Run
----------------------------------------  -----  ---------  --------  ----------  --------------  -------------------
/opt/airflow/dags/ani_regulations_dag.py                           1           0  0.35s           2025-11-04T02:30:50
================================================================================
[2025-11-04T02:31:49.148+0000] {manager.py:893} INFO - 
================================================================================
DAG File Processing Stats

File Path                                 PID    Runtime      # DAGs    # Errors  Last Runtime    Last Run
----------------------------------------  -----  ---------  --------  ----------  --------------  -------------------
/opt/airflow/dags/ani_regulations_dag.py                           1           0  0.35s           2025-11-04T02:31:21
================================================================================
[2025-11-04T02:32:19.595+0000] {manager.py:893} INFO - 
================================================================================
DAG File Processing Stats

File Path                                 PID    Runtime      # DAGs    # Errors  Last Runtime    Last Run
----------------------------------------  -----  ---------  --------  ----------  --------------  -------------------
/opt/airflow/dags/ani_regulations_dag.py                           1           0  0.33s           2025-11-04T02:31:51
================================================================================
[2025-11-04T02:32:50.018+0000] {manager.py:893} INFO - 
================================================================================
DAG File Processing Stats

File Path                                 PID    Runtime      # DAGs    # Errors  Last Runtime    Last Run
----------------------------------------  -----  ---------  --------  ----------  --------------  -------------------
/opt/airflow/dags/ani_regulations_dag.py                           1           0  0.35s           2025-11-04T02:32:22
================================================================================
[2025-11-04T14:21:51.613+0000] {manager.py:487} INFO - Processing files using up to 2 processes at a time 
[2025-11-04T14:21:51.614+0000] {manager.py:488} INFO - Process each file at most once every 30 seconds
[2025-11-04T14:21:51.614+0000] {manager.py:489} INFO - Checking for new files in /opt/airflow/dags every 300 seconds
[2025-11-04T14:21:51.615+0000] {manager.py:759} INFO - Searching for files in /opt/airflow/dags
[2025-11-04T14:21:51.616+0000] {manager.py:762} INFO - There are 1 files in /opt/airflow/dags
[2025-11-04T14:21:51.666+0000] {manager.py:893} INFO - 
================================================================================
DAG File Processing Stats

File Path                                   PID  Runtime      # DAGs    # Errors  Last Runtime    Last Run
----------------------------------------  -----  ---------  --------  ----------  --------------  ----------
/opt/airflow/dags/ani_regulations_dag.py    174  0.02s             0           0
================================================================================
[2025-11-04T14:22:21.769+0000] {manager.py:893} INFO - 
================================================================================
DAG File Processing Stats

File Path                                 PID    Runtime      # DAGs    # Errors  Last Runtime    Last Run
----------------------------------------  -----  ---------  --------  ----------  --------------  -------------------
/opt/airflow/dags/ani_regulations_dag.py                           1           0  0.58s           2025-11-04T14:21:52
================================================================================
[2025-11-04T14:22:51.854+0000] {manager.py:893} INFO - 
================================================================================
DAG File Processing Stats

File Path                                 PID    Runtime      # DAGs    # Errors  Last Runtime    Last Run
----------------------------------------  -----  ---------  --------  ----------  --------------  -------------------
/opt/airflow/dags/ani_regulations_dag.py                           1           0  0.42s           2025-11-04T14:22:22
================================================================================
[2025-11-04T14:23:21.952+0000] {manager.py:893} INFO - 
================================================================================
DAG File Processing Stats

File Path                                 PID    Runtime      # DAGs    # Errors  Last Runtime    Last Run
----------------------------------------  -----  ---------  --------  ----------  --------------  -------------------
/opt/airflow/dags/ani_regulations_dag.py                           1           0  0.42s           2025-11-04T14:22:53
================================================================================
[2025-11-04T14:23:52.465+0000] {manager.py:893} INFO - 
================================================================================
DAG File Processing Stats

File Path                                 PID    Runtime      # DAGs    # Errors  Last Runtime    Last Run
----------------------------------------  -----  ---------  --------  ----------  --------------  -------------------
/opt/airflow/dags/ani_regulations_dag.py                           1           0  0.46s           2025-11-04T14:23:23
================================================================================
[2025-11-04T14:25:19.546+0000] {manager.py:487} INFO - Processing files using up to 2 processes at a time 
[2025-11-04T14:25:19.547+0000] {manager.py:488} INFO - Process each file at most once every 30 seconds
[2025-11-04T14:25:19.547+0000] {manager.py:489} INFO - Checking for new files in /opt/airflow/dags every 300 seconds
[2025-11-04T14:25:19.547+0000] {manager.py:759} INFO - Searching for files in /opt/airflow/dags
[2025-11-04T14:25:19.549+0000] {manager.py:762} INFO - There are 1 files in /opt/airflow/dags
[2025-11-04T14:25:33.257+0000] {manager.py:893} INFO - 
================================================================================
DAG File Processing Stats

File Path                                 PID    Runtime      # DAGs    # Errors  Last Runtime    Last Run
----------------------------------------  -----  ---------  --------  ----------  --------------  -------------------
/opt/airflow/dags/ani_regulations_dag.py                           1           0  0.64s           2025-11-04T14:25:20
================================================================================
[2025-11-04T14:26:03.740+0000] {manager.py:893} INFO - 
================================================================================
DAG File Processing Stats

File Path                                 PID    Runtime      # DAGs    # Errors  Last Runtime    Last Run
----------------------------------------  -----  ---------  --------  ----------  --------------  -------------------
/opt/airflow/dags/ani_regulations_dag.py                           1           0  0.55s           2025-11-04T14:25:50
================================================================================
[2025-11-04T14:26:33.998+0000] {manager.py:893} INFO - 
================================================================================
DAG File Processing Stats

File Path                                 PID    Runtime      # DAGs    # Errors  Last Runtime    Last Run
----------------------------------------  -----  ---------  --------  ----------  --------------  -------------------
/opt/airflow/dags/ani_regulations_dag.py                           1           0  0.43s           2025-11-04T14:26:21
================================================================================
[2025-11-04T14:27:04.510+0000] {manager.py:893} INFO - 
================================================================================
DAG File Processing Stats

File Path                                 PID    Runtime      # DAGs    # Errors  Last Runtime    Last Run
----------------------------------------  -----  ---------  --------  ----------  --------------  -------------------
/opt/airflow/dags/ani_regulations_dag.py                           1           0  0.47s           2025-11-04T14:26:51
================================================================================
[2025-11-04T14:27:34.608+0000] {manager.py:893} INFO - 
================================================================================
DAG File Processing Stats

File Path                                 PID    Runtime      # DAGs    # Errors  Last Runtime    Last Run
----------------------------------------  -----  ---------  --------  ----------  --------------  -------------------
/opt/airflow/dags/ani_regulations_dag.py                           1           0  0.64s           2025-11-04T14:27:22
================================================================================
[2025-11-04T14:28:04.801+0000] {manager.py:893} INFO - 
================================================================================
DAG File Processing Stats

File Path                                 PID    Runtime      # DAGs    # Errors  Last Runtime    Last Run
----------------------------------------  -----  ---------  --------  ----------  --------------  -------------------
/opt/airflow/dags/ani_regulations_dag.py                           1           0  0.47s           2025-11-04T14:27:53
================================================================================
[2025-11-04T14:28:34.860+0000] {manager.py:893} INFO - 
================================================================================
DAG File Processing Stats

File Path                                 PID    Runtime      # DAGs    # Errors  Last Runtime    Last Run
----------------------------------------  -----  ---------  --------  ----------  --------------  -------------------
/opt/airflow/dags/ani_regulations_dag.py                           1           0  0.40s           2025-11-04T14:28:23
================================================================================
[2025-11-04T14:29:04.949+0000] {manager.py:893} INFO - 
================================================================================
DAG File Processing Stats

File Path                                 PID    Runtime      # DAGs    # Errors  Last Runtime    Last Run
----------------------------------------  -----  ---------  --------  ----------  --------------  -------------------
/opt/airflow/dags/ani_regulations_dag.py                           1           0  0.34s           2025-11-04T14:28:54
================================================================================
[2025-11-04T14:29:35.385+0000] {manager.py:893} INFO - 
================================================================================
DAG File Processing Stats

File Path                                 PID    Runtime      # DAGs    # Errors  Last Runtime    Last Run
----------------------------------------  -----  ---------  --------  ----------  --------------  -------------------
/opt/airflow/dags/ani_regulations_dag.py                           1           0  0.43s           2025-11-04T14:29:24
================================================================================
[2025-11-04T14:30:05.909+0000] {manager.py:893} INFO - 
================================================================================
DAG File Processing Stats

File Path                                 PID    Runtime      # DAGs    # Errors  Last Runtime    Last Run
----------------------------------------  -----  ---------  --------  ----------  --------------  -------------------
/opt/airflow/dags/ani_regulations_dag.py                           1           0  0.40s           2025-11-04T14:29:55
================================================================================
[2025-11-04T14:30:19.948+0000] {manager.py:759} INFO - Searching for files in /opt/airflow/dags
[2025-11-04T14:30:19.949+0000] {manager.py:762} INFO - There are 1 files in /opt/airflow/dags
[2025-11-04T14:30:36.401+0000] {manager.py:893} INFO - 
================================================================================
DAG File Processing Stats

File Path                                 PID    Runtime      # DAGs    # Errors  Last Runtime    Last Run
----------------------------------------  -----  ---------  --------  ----------  --------------  -------------------
/opt/airflow/dags/ani_regulations_dag.py                           1           0  0.38s           2025-11-04T14:30:25
================================================================================
[2025-11-04T14:31:06.869+0000] {manager.py:893} INFO - 
================================================================================
DAG File Processing Stats

File Path                                 PID    Runtime      # DAGs    # Errors  Last Runtime    Last Run
----------------------------------------  -----  ---------  --------  ----------  --------------  -------------------
/opt/airflow/dags/ani_regulations_dag.py                           1           0  0.40s           2025-11-04T14:30:56
================================================================================
