[2025-11-04T02:01:35.346+0000] {taskinstance.py:1157} INFO - Dependencies all met for dep_context=non-requeueable deps ti=<TaskInstance: ani_regulations_pipeline.write manual__2025-11-04T02:01:25.460075+00:00 [queued]>
[2025-11-04T02:01:35.351+0000] {taskinstance.py:1157} INFO - Dependencies all met for dep_context=requeueable deps ti=<TaskInstance: ani_regulations_pipeline.write manual__2025-11-04T02:01:25.460075+00:00 [queued]>
[2025-11-04T02:01:35.352+0000] {taskinstance.py:1359} INFO - Starting attempt 1 of 2
[2025-11-04T02:01:35.364+0000] {taskinstance.py:1380} INFO - Executing <Task(PythonOperator): write> on 2025-11-04 02:01:25.460075+00:00
[2025-11-04T02:01:35.372+0000] {standard_task_runner.py:57} INFO - Started process 228 to run task
[2025-11-04T02:01:35.375+0000] {standard_task_runner.py:84} INFO - Running: ['***', 'tasks', 'run', 'ani_regulations_pipeline', 'write', 'manual__2025-11-04T02:01:25.460075+00:00', '--job-id', '7', '--raw', '--subdir', 'DAGS_FOLDER/ani_regulations_dag.py', '--cfg-path', '/tmp/tmph2kv5t86']
[2025-11-04T02:01:35.376+0000] {standard_task_runner.py:85} INFO - Job 7: Subtask write
[2025-11-04T02:01:35.389+0000] {logging_mixin.py:151} WARNING - /home/***/.local/lib/python3.9/site-packages/***/settings.py:195 DeprecationWarning: The sql_alchemy_conn option in [core] has been moved to the sql_alchemy_conn option in [database] - the old setting has been used, but please update your config.
[2025-11-04T02:01:35.416+0000] {task_command.py:415} INFO - Running <TaskInstance: ani_regulations_pipeline.write manual__2025-11-04T02:01:25.460075+00:00 [running]> on host 7d06c4224859
[2025-11-04T02:01:35.472+0000] {taskinstance.py:1660} INFO - Exporting env vars: AIRFLOW_CTX_DAG_OWNER='data-engineering' AIRFLOW_CTX_DAG_ID='ani_regulations_pipeline' AIRFLOW_CTX_TASK_ID='write' AIRFLOW_CTX_EXECUTION_DATE='2025-11-04T02:01:25.460075+00:00' AIRFLOW_CTX_TRY_NUMBER='1' AIRFLOW_CTX_DAG_RUN_ID='manual__2025-11-04T02:01:25.460075+00:00'
[2025-11-04T02:01:35.488+0000] {logging_mixin.py:151} INFO - ERROR CRÍTICO: Error processing entity Agencia Nacional de Infraestructura: relation "regulations" does not exist
LINE 3:             FROM regulations
                         ^
[2025-11-04T02:01:35.488+0000] {logging_mixin.py:151} INFO - Traceback (most recent call last):
  File "/opt/***/src/escritura.py", line 143, in insert_new_records
    existing_records = db_manager.execute_query(query, (entity,))
  File "/opt/***/src/escritura.py", line 82, in execute_query
    self.cursor.execute(query, params)
psycopg2.errors.UndefinedTable: relation "regulations" does not exist
LINE 3:             FROM regulations
                         ^
[2025-11-04T02:01:35.497+0000] {python.py:194} INFO - Done. Returned value was: {'inserted': 0, 'message': 'Error processing entity Agencia Nacional de Infraestructura: relation "regulations" does not exist\nLINE 3:             FROM regulations\n                         ^\n'}
[2025-11-04T02:01:35.512+0000] {taskinstance.py:1398} INFO - Marking task as SUCCESS. dag_id=ani_regulations_pipeline, task_id=write, execution_date=20251104T020125, start_date=20251104T020135, end_date=20251104T020135
[2025-11-04T02:01:35.547+0000] {local_task_job_runner.py:228} INFO - Task exited with return code 0
[2025-11-04T02:01:35.562+0000] {taskinstance.py:2776} INFO - 0 downstream tasks scheduled from follow-on schedule check
